Warning:: Loading a non-english file into another non-english session
Data integrity is not guaranteed
Warning:: Loading a non-english file into another non-english session
Data integrity is not guaranteed
Warning:: Loading a non-english file into another non-english session
Data integrity is not guaranteed
Warning:: Loading a non-english file into another non-english session
Data integrity is not guaranteed
Warning:: Loading a non-english file into another non-english session
Data integrity is not guaranteed
Warning:: Loading a non-english file into another non-english session
Data integrity is not guaranteed
Warning:: Loading a non-english file into another non-english session
Data integrity is not guaranteed
Warning:: Loading a non-english file into another non-english session
Data integrity is not guaranteed
Warning:: Loading a non-english file into another non-english session
Data integrity is not guaranteed
Warning:: Loading a non-english file into another non-english session
Data integrity is not guaranteed
Warning:: Loading a non-english file into another non-english session
Data integrity is not guaranteed
Warning:: Loading a non-english file into another non-english session
Data integrity is not guaranteed
Warning:: Loading a non-english file into another non-english session
Data integrity is not guaranteed
Warning:: Loading a non-english file into another non-english session
Data integrity is not guaranteed
Warning:: Loading a non-english file into another non-english session
Data integrity is not guaranteed
Warning:: Loading a non-english file into another non-english session
Data integrity is not guaranteed
Warning:: Loading a non-english file into another non-english session
Data integrity is not guaranteed
Warning:: Loading a non-english file into another non-english session
Data integrity is not guaranteed
Warning:: Loading a non-english file into another non-english session
Data integrity is not guaranteed
Warning:: Loading a non-english file into another non-english session
Data integrity is not guaranteed
Warning:: Loading a non-english file into another non-english session
Data integrity is not guaranteed
Warning:: Loading a non-english file into another non-english session
Data integrity is not guaranteed
Warning:: Loading a non-english file into another non-english session
Data integrity is not guaranteed
Warning:: Loading a non-english file into another non-english session
Data integrity is not guaranteed
Warning:: Loading a non-english file into another non-english session
Data integrity is not guaranteed
Warning:: Loading a non-english file into another non-english session
Data integrity is not guaranteed
Warning:: Loading a non-english file into another non-english session
Data integrity is not guaranteed
Warning:: Loading a non-english file into another non-english session
Data integrity is not guaranteed
Warning:: Loading a non-english file into another non-english session
Data integrity is not guaranteed
Warning:: Loading a non-english file into another non-english session
Data integrity is not guaranteed
Warning:: Loading a non-english file into another non-english session
Data integrity is not guaranteed
Warning:: Loading a non-english file into another non-english session
Data integrity is not guaranteed
Warning:: Loading a non-english file into another non-english session
Data integrity is not guaranteed
Warning:: Loading a non-english file into another non-english session
Data integrity is not guaranteed
Warning:: Loading a non-english file into another non-english session
Data integrity is not guaranteed
Warning:: Loading a non-english file into another non-english session
Data integrity is not guaranteed
Warning:: Loading a non-english file into another non-english session
Data integrity is not guaranteed
Warning:: Loading a non-english file into another non-english session
Data integrity is not guaranteed
Warning:: Loading a non-english file into another non-english session
Data integrity is not guaranteed
Warning:: Loading a non-english file into another non-english session
Data integrity is not guaranteed
Warning:: Loading a non-english file into another non-english session
Data integrity is not guaranteed
Warning:: Loading a non-english file into another non-english session
Data integrity is not guaranteed
Warning:: Loading a non-english file into another non-english session
Data integrity is not guaranteed
Warning:: Loading a non-english file into another non-english session
Data integrity is not guaranteed
Warning:: Loading a non-english file into another non-english session
Data integrity is not guaranteed
Warning:: Loading a non-english file into another non-english session
Data integrity is not guaranteed
Warning:: Loading a non-english file into another non-english session
Data integrity is not guaranteed
Warning:: Loading a non-english file into another non-english session
Data integrity is not guaranteed
Warning:: Loading a non-english file into another non-english session
Data integrity is not guaranteed
Warning:: Loading a non-english file into another non-english session
Data integrity is not guaranteed
Warning:: Loading a non-english file into another non-english session
Data integrity is not guaranteed
Warning:: Loading a non-english file into another non-english session
Data integrity is not guaranteed
Warning:: Loading a non-english file into another non-english session
Data integrity is not guaranteed
Warning:: Loading a non-english file into another non-english session
Data integrity is not guaranteed
Warning:: Loading a non-english file into another non-english session
Data integrity is not guaranteed
Warning:: Loading a non-english file into another non-english session
Data integrity is not guaranteed
Warning:: Loading a non-english file into another non-english session
Data integrity is not guaranteed
Warning:: Loading a non-english file into another non-english session
Data integrity is not guaranteed
Warning:: Loading a non-english file into another non-english session
Data integrity is not guaranteed
Warning:: Loading a non-english file into another non-english session
Data integrity is not guaranteed
Warning:: Loading a non-english file into another non-english session
Data integrity is not guaranteed
Warning:: Loading a non-english file into another non-english session
Data integrity is not guaranteed
Warning:: Loading a non-english file into another non-english session
Data integrity is not guaranteed
Warning:: Loading a non-english file into another non-english session
Data integrity is not guaranteed
Warning:: Loading a non-english file into another non-english session
Data integrity is not guaranteed
Warning:: Loading a non-english file into another non-english session
Data integrity is not guaranteed
Warning:: Loading a non-english file into another non-english session
Data integrity is not guaranteed
Warning:: Loading a non-english file into another non-english session
Data integrity is not guaranteed
Warning:: Loading a non-english file into another non-english session
Data integrity is not guaranteed
Warning:: Loading a non-english file into another non-english session
Data integrity is not guaranteed
Warning:: Loading a non-english file into another non-english session
Data integrity is not guaranteed
Warning:: Loading a non-english file into another non-english session
Data integrity is not guaranteed
Warning:: Loading a non-english file into another non-english session
Data integrity is not guaranteed
Warning:: Loading a non-english file into another non-english session
Data integrity is not guaranteed
Warning:: Loading a non-english file into another non-english session
Data integrity is not guaranteed
Warning:: Loading a non-english file into another non-english session
Data integrity is not guaranteed
Warning:: Loading a non-english file into another non-english session
Data integrity is not guaranteed
Warning:: Loading a non-english file into another non-english session
Data integrity is not guaranteed
Warning:: Loading a non-english file into another non-english session
Data integrity is not guaranteed
Warning:: Loading a non-english file into another non-english session
Data integrity is not guaranteed
Warning:: Loading a non-english file into another non-english session
Data integrity is not guaranteed
Warning:: Loading a non-english file into another non-english session
Data integrity is not guaranteed
Warning:: Loading a non-english file into another non-english session
Data integrity is not guaranteed
Warning:: Loading a non-english file into another non-english session
Data integrity is not guaranteed
Warning:: Loading a non-english file into another non-english session
Data integrity is not guaranteed
Warning:: Loading a non-english file into another non-english session
Data integrity is not guaranteed
Warning:: Loading a non-english file into another non-english session
Data integrity is not guaranteed
Warning:: Loading a non-english file into another non-english session
Data integrity is not guaranteed
Warning:: Loading a non-english file into another non-english session
Data integrity is not guaranteed
Warning:: Loading a non-english file into another non-english session
Data integrity is not guaranteed
Warning:: Loading a non-english file into another non-english session
Data integrity is not guaranteed
Warning:: Loading a non-english file into another non-english session
Data integrity is not guaranteed
Warning:: Loading a non-english file into another non-english session
Data integrity is not guaranteed
Warning:: Loading a non-english file into another non-english session
Data integrity is not guaranteed
Warning:: Loading a non-english file into another non-english session
Data integrity is not guaranteed
Warning:: Loading a non-english file into another non-english session
Data integrity is not guaranteed
Warning:: Loading a non-english file into another non-english session
Data integrity is not guaranteed
Warning:: Loading a non-english file into another non-english session
Data integrity is not guaranteed
Warning:: Loading a non-english file into another non-english session
Data integrity is not guaranteed
Warning:: Loading a non-english file into another non-english session
Data integrity is not guaranteed
Warning:: Loading a non-english file into another non-english session
Data integrity is not guaranteed
Warning:: Loading a non-english file into another non-english session
Data integrity is not guaranteed
Warning:: Loading a non-english file into another non-english session
Data integrity is not guaranteed
Warning:: Loading a non-english file into another non-english session
Data integrity is not guaranteed
Warning:: Loading a non-english file into another non-english session
Data integrity is not guaranteed
Warning:: Loading a non-english file into another non-english session
Data integrity is not guaranteed
Warning:: Loading a non-english file into another non-english session
Data integrity is not guaranteed
Warning:: Loading a non-english file into another non-english session
Data integrity is not guaranteed
Warning:: Loading a non-english file into another non-english session
Data integrity is not guaranteed
Warning:: Loading a non-english file into another non-english session
Data integrity is not guaranteed
Warning:: Loading a non-english file into another non-english session
Data integrity is not guaranteed
Warning:: Loading a non-english file into another non-english session
Data integrity is not guaranteed
Warning:: Loading a non-english file into another non-english session
Data integrity is not guaranteed
Warning:: Loading a non-english file into another non-english session
Data integrity is not guaranteed
Warning:: Loading a non-english file into another non-english session
Data integrity is not guaranteed
Warning:: Loading a non-english file into another non-english session
Data integrity is not guaranteed
Warning:: Loading a non-english file into another non-english session
Data integrity is not guaranteed
Warning:: Loading a non-english file into another non-english session
Data integrity is not guaranteed
Warning:: Loading a non-english file into another non-english session
Data integrity is not guaranteed
Warning:: Loading a non-english file into another non-english session
Data integrity is not guaranteed
Warning:: Loading a non-english file into another non-english session
Data integrity is not guaranteed
Warning:: Loading a non-english file into another non-english session
Data integrity is not guaranteed
Warning:: Loading a non-english file into another non-english session
Data integrity is not guaranteed
Warning:: Loading a non-english file into another non-english session
Data integrity is not guaranteed
Warning:: Loading a non-english file into another non-english session
Data integrity is not guaranteed
Warning:: Loading a non-english file into another non-english session
Data integrity is not guaranteed
Warning:: Loading a non-english file into another non-english session
Data integrity is not guaranteed
Warning:: Loading a non-english file into another non-english session
Data integrity is not guaranteed
Warning:: Loading a non-english file into another non-english session
Data integrity is not guaranteed
Warning:: Loading a non-english file into another non-english session
Data integrity is not guaranteed
Warning:: Loading a non-english file into another non-english session
Data integrity is not guaranteed
Warning:: Loading a non-english file into another non-english session
Data integrity is not guaranteed
Warning:: Loading a non-english file into another non-english session
Data integrity is not guaranteed
Warning:: Loading a non-english file into another non-english session
Data integrity is not guaranteed
Warning:: Loading a non-english file into another non-english session
Data integrity is not guaranteed
Warning:: Loading a non-english file into another non-english session
Data integrity is not guaranteed
Warning:: Loading a non-english file into another non-english session
Data integrity is not guaranteed
Warning:: Loading a non-english file into another non-english session
Data integrity is not guaranteed
Warning:: Loading a non-english file into another non-english session
Data integrity is not guaranteed
Warning:: Loading a non-english file into another non-english session
Data integrity is not guaranteed
Warning:: Loading a non-english file into another non-english session
Data integrity is not guaranteed
Warning:: Loading a non-english file into another non-english session
Data integrity is not guaranteed
Warning:: Loading a non-english file into another non-english session
Data integrity is not guaranteed
Warning:: Loading a non-english file into another non-english session
Data integrity is not guaranteed
Warning:: Loading a non-english file into another non-english session
Data integrity is not guaranteed
Warning:: Loading a non-english file into another non-english session
Data integrity is not guaranteed
Warning:: Loading a non-english file into another non-english session
Data integrity is not guaranteed
Warning:: Loading a non-english file into another non-english session
Data integrity is not guaranteed
Warning:: Loading a non-english file into another non-english session
Data integrity is not guaranteed
Warning:: Loading a non-english file into another non-english session
Data integrity is not guaranteed
Warning:: Loading a non-english file into another non-english session
Data integrity is not guaranteed
Warning:: Loading a non-english file into another non-english session
Data integrity is not guaranteed
Warning:: Loading a non-english file into another non-english session
Data integrity is not guaranteed
Warning:: Loading a non-english file into another non-english session
Data integrity is not guaranteed
Warning:: Loading a non-english file into another non-english session
Data integrity is not guaranteed
Warning:: Loading a non-english file into another non-english session
Data integrity is not guaranteed
Warning:: Loading a non-english file into another non-english session
Data integrity is not guaranteed
Warning:: Loading a non-english file into another non-english session
Data integrity is not guaranteed
Warning:: Loading a non-english file into another non-english session
Data integrity is not guaranteed
Warning:: Loading a non-english file into another non-english session
Data integrity is not guaranteed
Warning:: Loading a non-english file into another non-english session
Data integrity is not guaranteed
Warning:: Loading a non-english file into another non-english session
Data integrity is not guaranteed
Warning:: Loading a non-english file into another non-english session
Data integrity is not guaranteed
Warning:: Loading a non-english file into another non-english session
Data integrity is not guaranteed
Warning:: Loading a non-english file into another non-english session
Data integrity is not guaranteed
Warning:: Loading a non-english file into another non-english session
Data integrity is not guaranteed
TIMER TRACE: FullRegen START: 0.00000
TIMER TRACE: FullRegen  STOP: 0.01500
TIMER TRACE: DraggerRegen START: 0.00000
TIMER TRACE: DraggerRegen  STOP: 0.03100
TIMER TRACE: DraggerRegen START: 0.00000
TIMER TRACE: DraggerRegen  STOP: 0.01500
TIMER TRACE: DraggerRegen START: 0.00000
TIMER TRACE: DraggerRegen  STOP: 0.01500
TIMER TRACE: DraggerRegen START: 0.00000
TIMER TRACE: DraggerRegen  STOP: 0.03100
TIMER TRACE: DraggerRegen START: 0.00000
TIMER TRACE: DraggerRegen  STOP: 0.01500
TIMER TRACE: DraggerRegen START: 0.00000
TIMER TRACE: DraggerRegen  STOP: 0.01600
TIMER TRACE: DraggerRegen START: 0.00000
TIMER TRACE: DraggerRegen  STOP: 0.01600
TIMER TRACE: DraggerRegen START: 0.00000
TIMER TRACE: DraggerRegen  STOP: 0.01600
TIMER TRACE: DraggerRegen START: 0.00000
TIMER TRACE: DraggerRegen  STOP: 0.01500
TIMER TRACE: DraggerRegen START: 0.00000
TIMER TRACE: DraggerRegen  STOP: 0.01500
TIMER TRACE: DraggerRegen START: 0.00000
TIMER TRACE: DraggerRegen  STOP: 0.03100
TIMER TRACE: DraggerRegen START: 0.00000
TIMER TRACE: DraggerRegen  STOP: 0.01500
TIMER TRACE: DraggerRegen START: 0.00000
TIMER TRACE: DraggerRegen  STOP: 0.01600
TIMER TRACE: DraggerRegen START: 0.00000
TIMER TRACE: DraggerRegen  STOP: 0.01600
TIMER TRACE: DraggerRegen START: 0.00000
TIMER TRACE: DraggerRegen  STOP: 0.01600
TIMER TRACE: DraggerRegen START: 0.00000
TIMER TRACE: DraggerRegen  STOP: 0.04700
TIMER TRACE: FullRegen START: 0.00000
TIMER TRACE: FullRegen  STOP: 0.04700
Encountered Group Manipulation inside Reorder...
TIMER TRACE: FullRegen START: 0.00000
TIMER TRACE: FullRegen  STOP: 0.01500
TIMER TRACE: DraggerRegen START: 0.00000
TIMER TRACE: DraggerRegen  STOP: 0.06200
TIMER TRACE: DraggerRegen START: 0.00000
TIMER TRACE: DraggerRegen  STOP: 0.01500
TIMER TRACE: DraggerRegen START: 0.00000
TIMER TRACE: DraggerRegen  STOP: 0.03100
TIMER TRACE: DraggerRegen START: 0.00000
TIMER TRACE: DraggerRegen  STOP: 0.03100
TIMER TRACE: DraggerRegen START: 0.00000
TIMER TRACE: DraggerRegen  STOP: 0.03200
TIMER TRACE: DraggerRegen START: 0.00000
TIMER TRACE: DraggerRegen  STOP: 0.01600
TIMER TRACE: DraggerRegen START: 0.00000
TIMER TRACE: DraggerRegen  STOP: 0.01600
TIMER TRACE: DraggerRegen START: 0.00000
TIMER TRACE: DraggerRegen  STOP: 0.01500
TIMER TRACE: DraggerRegen START: 0.00000
TIMER TRACE: DraggerRegen  STOP: 0.03100
TIMER TRACE: DraggerRegen START: 0.00000
TIMER TRACE: DraggerRegen  STOP: 0.03100
TIMER TRACE: DraggerRegen START: 0.00000
TIMER TRACE: DraggerRegen  STOP: 0.03100
TIMER TRACE: DraggerRegen START: 0.00000
TIMER TRACE: DraggerRegen  STOP: 0.03200
TIMER TRACE: DraggerRegen START: 0.00000
TIMER TRACE: DraggerRegen  STOP: 0.01600
TIMER TRACE: DraggerRegen START: 0.00000
TIMER TRACE: DraggerRegen  STOP: 0.01600
TIMER TRACE: DraggerRegen START: 0.00000
TIMER TRACE: DraggerRegen  STOP: 0.01500
TIMER TRACE: DraggerRegen START: 0.00000
TIMER TRACE: DraggerRegen  STOP: 0.01500
TIMER TRACE: DraggerRegen START: 0.00000
TIMER TRACE: DraggerRegen  STOP: 0.06200
TIMER TRACE: FullRegen START: 0.00000
TIMER TRACE: FullRegen  STOP: 0.07800
TIMER TRACE: FullRegen START: 0.00000
TIMER TRACE: FullRegen  STOP: 0.01600
TIMER TRACE: DraggerRegen START: 0.00000
TIMER TRACE: DraggerRegen  STOP: 0.09300
TIMER TRACE: DraggerRegen START: 0.00000
TIMER TRACE: DraggerRegen  STOP: 0.09400
TIMER TRACE: DraggerRegen START: 0.00000
TIMER TRACE: DraggerRegen  STOP: 0.10900
TIMER TRACE: FullRegen START: 0.00000
TIMER TRACE: FullRegen  STOP: 0.14100
